mode: set
github.com/eduardolima806/my-chat-server/cmd/main.go:13.13,20.16 5 0
github.com/eduardolima806/my-chat-server/cmd/main.go:20.16,22.3 1 0
github.com/eduardolima806/my-chat-server/cmd/main.go:23.2,29.16 6 0
github.com/eduardolima806/my-chat-server/cmd/main.go:29.16,31.3 1 0
github.com/eduardolima806/my-chat-server/cmd/main.go:32.2,32.85 1 0
github.com/eduardolima806/my-chat-server/cmd/main.go:35.20,37.16 2 0
github.com/eduardolima806/my-chat-server/cmd/main.go:37.16,39.3 1 0
github.com/eduardolima806/my-chat-server/internal/infra/db/db_config.go:11.57,19.2 1 0
github.com/eduardolima806/my-chat-server/internal/infra/db/db_connect_postgres.go:15.62,17.23 2 0
github.com/eduardolima806/my-chat-server/internal/infra/db/db_connect_postgres.go:17.23,22.17 5 0
github.com/eduardolima806/my-chat-server/internal/infra/db/db_connect_postgres.go:22.17,24.4 1 0
github.com/eduardolima806/my-chat-server/internal/infra/db/db_connect_postgres.go:26.2,26.24 1 0
github.com/eduardolima806/my-chat-server/internal/infra/db/env_db_config.go:21.36,29.2 1 0
github.com/eduardolima806/my-chat-server/internal/infra/db/env_db_config.go:31.44,33.2 1 0
github.com/eduardolima806/my-chat-server/internal/infra/db/env_db_config.go:35.44,37.2 1 0
github.com/eduardolima806/my-chat-server/internal/infra/db/env_db_config.go:39.48,41.2 1 0
github.com/eduardolima806/my-chat-server/internal/infra/db/env_db_config.go:43.48,45.2 1 0
github.com/eduardolima806/my-chat-server/internal/infra/db/env_db_config.go:47.48,49.2 1 0
github.com/eduardolima806/my-chat-server/internal/infra/repository/user_repository.go:15.52,19.2 1 1
github.com/eduardolima806/my-chat-server/internal/infra/repository/user_repository.go:21.72,25.16 3 1
github.com/eduardolima806/my-chat-server/internal/infra/repository/user_repository.go:25.16,27.3 1 1
github.com/eduardolima806/my-chat-server/internal/infra/repository/user_repository.go:29.2,29.33 1 1
github.com/eduardolima806/my-chat-server/internal/infra/repository/user_repository.go:32.104,36.16 3 1
github.com/eduardolima806/my-chat-server/internal/infra/repository/user_repository.go:36.16,38.3 1 1
github.com/eduardolima806/my-chat-server/internal/infra/repository/user_repository.go:39.2,39.19 1 1
github.com/eduardolima806/my-chat-server/internal/usecase/create_user.go:28.93,32.2 1 1
github.com/eduardolima806/my-chat-server/internal/usecase/create_user.go:34.83,36.16 2 1
github.com/eduardolima806/my-chat-server/internal/usecase/create_user.go:36.16,38.3 1 1
github.com/eduardolima806/my-chat-server/internal/usecase/create_user.go:40.2,41.16 2 1
github.com/eduardolima806/my-chat-server/internal/usecase/create_user.go:41.16,43.3 1 1
github.com/eduardolima806/my-chat-server/internal/usecase/create_user.go:45.2,47.16 2 1
github.com/eduardolima806/my-chat-server/internal/usecase/create_user.go:47.16,49.3 1 0
github.com/eduardolima806/my-chat-server/internal/usecase/create_user.go:51.2,53.8 1 1
github.com/eduardolima806/my-chat-server/internal/usecase/create_user.go:56.77,60.40 2 1
github.com/eduardolima806/my-chat-server/internal/usecase/create_user.go:60.40,62.3 1 0
github.com/eduardolima806/my-chat-server/internal/usecase/create_user.go:64.2,64.70 1 1
github.com/eduardolima806/my-chat-server/internal/usecase/create_user.go:64.70,66.3 1 1
github.com/eduardolima806/my-chat-server/internal/usecase/create_user.go:68.2,70.40 2 1
github.com/eduardolima806/my-chat-server/internal/usecase/create_user.go:70.40,72.3 1 0
github.com/eduardolima806/my-chat-server/internal/usecase/create_user.go:74.2,74.64 1 1
github.com/eduardolima806/my-chat-server/internal/usecase/create_user.go:74.64,76.3 1 1
github.com/eduardolima806/my-chat-server/internal/usecase/create_user.go:78.2,78.12 1 1
github.com/eduardolima806/my-chat-server/internal/domain/user.go:18.107,28.16 3 1
github.com/eduardolima806/my-chat-server/internal/domain/user.go:28.16,30.3 1 1
github.com/eduardolima806/my-chat-server/internal/domain/user.go:31.2,31.18 1 1
github.com/eduardolima806/my-chat-server/internal/domain/user.go:34.33,38.44 2 1
github.com/eduardolima806/my-chat-server/internal/domain/user.go:38.44,40.3 1 1
github.com/eduardolima806/my-chat-server/internal/domain/user.go:42.2,44.38 2 1
github.com/eduardolima806/my-chat-server/internal/domain/user.go:44.38,46.3 1 1
github.com/eduardolima806/my-chat-server/internal/domain/user.go:48.2,49.30 2 1
github.com/eduardolima806/my-chat-server/internal/domain/user.go:49.30,51.41 2 1
github.com/eduardolima806/my-chat-server/internal/domain/user.go:51.41,53.4 1 1
github.com/eduardolima806/my-chat-server/internal/domain/user.go:56.2,56.12 1 1
